<?xml version="1.0" encoding="UTF-8"?>
<!-- Generated by org.testng.reporters.JUnitReportReporter -->
<testsuite ignored="0" hostname="DESKTOP-HA09VCO" failures="0" tests="1" name="NewTest" time="5.746" errors="0" timestamp="26 ago 2021 01:41:44 GMT" skipped="0">
  <testcase classname="NewTest" name="f" time="5.746"/>
</testsuite> <!-- NewTest -->
